{"name": "test_issue", "status": "failed", "statusDetails": {"message": "AssertionError: assert False", "trace": "self = <lesson_30.test_initial.TestInitial object at 0x10298dd50>\n\n    @allure.story(\"Test for issue vizualization\")\n    @allure.issue(\"https://jira/ticket/AQA-567\", \"Test was failed due to assertion\")\n    def test_issue(self):\n>       assert False\nE       assert False\n\nlesson_30/test_initial.py:31: AssertionError"}, "start": 1729789043656, "stop": 1729789043656, "uuid": "d6cd695e-5fd1-444d-8a9f-e8122df6b9db", "historyId": "324fdaa3ff6119dd4d68b3d5aa12bee5", "testCaseId": "324fdaa3ff6119dd4d68b3d5aa12bee5", "fullName": "test_initial.TestInitial#test_issue", "labels": [{"name": "feature", "value": "This test class is for allure learning."}, {"name": "story", "value": "Test for issue vizualization"}, {"name": "suite", "value": "test_initial"}, {"name": "subSuite", "value": "TestInitial"}, {"name": "host", "value": "MacBook-Pro-Dart-Brovsky.local"}, {"name": "thread", "value": "7003-MainThread"}, {"name": "framework", "value": "pytest"}, {"name": "language", "value": "cpython3"}, {"name": "package", "value": "test_initial"}], "links": [{"type": "issue", "url": "https://jira/ticket/AQA-567", "name": "Test was failed due to assertion"}]}